2023-07-24 16:05:53.740  INFO 19596 --- [main] c.h.Springboot0101QuickstartApplication  : Starting Springboot0101QuickstartApplication using Java 1.8.0_382 on AsuraTu.local with PID 19596 (/Users/asura/code/Java/SpringBoot/my-spring-boot/springboot_01_01_quickstart/target/classes started by asura in /Users/asura/code/Java/SpringBoot/my-spring-boot/springboot_01_01_quickstart)
2023-07-24 16:05:53.742  INFO 19596 --- [main] c.h.Springboot0101QuickstartApplication  : No active profile set, falling back to 1 default profile: "default"
2023-07-24 16:05:54.081  INFO 19596 --- [main] o.s.b.w.embedded.tomcat.TomcatWebServer  : Tomcat initialized with port(s): 9601 (http)
2023-07-24 16:05:54.084  INFO 19596 --- [main] o.apache.catalina.core.StandardService   : Starting service [Tomcat]
2023-07-24 16:05:54.085  INFO 19596 --- [main] org.apache.catalina.core.StandardEngine  : Starting Servlet engine: [Apache Tomcat/9.0.78]
2023-07-24 16:05:54.115  INFO 19596 --- [main] o.a.c.c.C.[Tomcat].[localhost].[/]       : Initializing Spring embedded WebApplicationContext
2023-07-24 16:05:54.115  INFO 19596 --- [main] w.s.c.ServletWebServerApplicationContext : Root WebApplicationContext: initialization completed in 354 ms
2023-07-24 16:05:54.236  INFO 19596 --- [main] o.s.b.w.embedded.tomcat.TomcatWebServer  : Tomcat started on port(s): 9601 (http) with context path ''
2023-07-24 16:05:54.241  INFO 19596 --- [main] c.h.Springboot0101QuickstartApplication  : Started Springboot0101QuickstartApplication in 0.673 seconds (JVM running for 0.9)
2023-07-24 16:06:10.623  INFO 19596 --- [http-nio-9601-exec-1] o.a.c.c.C.[Tomcat].[localhost].[/]       : Initializing Spring DispatcherServlet 'dispatcherServlet'
2023-07-24 16:06:10.624  INFO 19596 --- [http-nio-9601-exec-1] o.s.web.servlet.DispatcherServlet        : Initializing Servlet 'dispatcherServlet'
2023-07-24 16:06:10.624  INFO 19596 --- [http-nio-9601-exec-1] o.s.web.servlet.DispatcherServlet        : Completed initialization in 0 ms
2023-07-24 18:16:17.858  INFO 51416 --- [main] c.h.Springboot0101QuickstartApplication  : Starting Springboot0101QuickstartApplication using Java 1.8.0_382 on AsuraTu.local with PID 51416 (/Users/asura/code/Java/SpringBoot/my-spring-boot/springboot_01_01_quickstart/target/classes started by asura in /Users/asura/code/Java/SpringBoot/my-spring-boot/springboot_01_01_quickstart)
2023-07-24 18:16:17.860  INFO 51416 --- [main] c.h.Springboot0101QuickstartApplication  : No active profile set, falling back to 1 default profile: "default"
2023-07-24 18:16:18.227  INFO 51416 --- [main] o.s.b.w.embedded.tomcat.TomcatWebServer  : Tomcat initialized with port(s): 9601 (http)
2023-07-24 18:16:18.231  INFO 51416 --- [main] o.apache.catalina.core.StandardService   : Starting service [Tomcat]
2023-07-24 18:16:18.231  INFO 51416 --- [main] org.apache.catalina.core.StandardEngine  : Starting Servlet engine: [Apache Tomcat/9.0.78]
2023-07-24 18:16:18.265  INFO 51416 --- [main] o.a.c.c.C.[Tomcat].[localhost].[/]       : Initializing Spring embedded WebApplicationContext
2023-07-24 18:16:18.266  INFO 51416 --- [main] w.s.c.ServletWebServerApplicationContext : Root WebApplicationContext: initialization completed in 386 ms
2023-07-24 18:16:18.395  WARN 51416 --- [main] ConfigServletWebServerApplicationContext : Exception encountered during context initialization - cancelling refresh attempt: org.springframework.context.ApplicationContextException: Failed to start bean 'webServerStartStop'; nested exception is org.springframework.boot.web.server.PortInUseException: Port 9601 is already in use
2023-07-24 18:16:18.397  INFO 51416 --- [main] o.apache.catalina.core.StandardService   : Stopping service [Tomcat]
2023-07-24 18:16:18.402  INFO 51416 --- [main] ConditionEvaluationReportLoggingListener : 

Error starting ApplicationContext. To display the conditions report re-run your application with 'debug' enabled.
2023-07-24 18:16:18.410 ERROR 51416 --- [main] o.s.b.d.LoggingFailureAnalysisReporter   : 

***************************
APPLICATION FAILED TO START
***************************

Description:

Web server failed to start. Port 9601 was already in use.

Action:

Identify and stop the process that's listening on port 9601 or configure this application to listen on another port.

2023-07-24 18:16:38.181  INFO 51484 --- [main] c.h.Springboot0101QuickstartApplication  : Starting Springboot0101QuickstartApplication using Java 1.8.0_382 on AsuraTu.local with PID 51484 (/Users/asura/code/Java/SpringBoot/my-spring-boot/springboot_01_01_quickstart/target/classes started by asura in /Users/asura/code/Java/SpringBoot/my-spring-boot/springboot_01_01_quickstart)
2023-07-24 18:16:38.182  INFO 51484 --- [main] c.h.Springboot0101QuickstartApplication  : No active profile set, falling back to 1 default profile: "default"
2023-07-24 18:16:38.509  INFO 51484 --- [main] o.s.b.w.embedded.tomcat.TomcatWebServer  : Tomcat initialized with port(s): 9601 (http)
2023-07-24 18:16:38.512  INFO 51484 --- [main] o.apache.catalina.core.StandardService   : Starting service [Tomcat]
2023-07-24 18:16:38.512  INFO 51484 --- [main] org.apache.catalina.core.StandardEngine  : Starting Servlet engine: [Apache Tomcat/9.0.78]
2023-07-24 18:16:38.541  INFO 51484 --- [main] o.a.c.c.C.[Tomcat].[localhost].[/]       : Initializing Spring embedded WebApplicationContext
2023-07-24 18:16:38.541  INFO 51484 --- [main] w.s.c.ServletWebServerApplicationContext : Root WebApplicationContext: initialization completed in 340 ms
2023-07-24 18:16:38.658  WARN 51484 --- [main] ConfigServletWebServerApplicationContext : Exception encountered during context initialization - cancelling refresh attempt: org.springframework.context.ApplicationContextException: Failed to start bean 'webServerStartStop'; nested exception is org.springframework.boot.web.server.PortInUseException: Port 9601 is already in use
2023-07-24 18:16:38.660  INFO 51484 --- [main] o.apache.catalina.core.StandardService   : Stopping service [Tomcat]
2023-07-24 18:16:38.665  INFO 51484 --- [main] ConditionEvaluationReportLoggingListener : 

Error starting ApplicationContext. To display the conditions report re-run your application with 'debug' enabled.
2023-07-24 18:16:38.670 ERROR 51484 --- [main] o.s.b.d.LoggingFailureAnalysisReporter   : 

***************************
APPLICATION FAILED TO START
***************************

Description:

Web server failed to start. Port 9601 was already in use.

Action:

Identify and stop the process that's listening on port 9601 or configure this application to listen on another port.

2023-07-24 18:16:53.041  INFO 51553 --- [main] c.h.Springboot0101QuickstartApplication  : Starting Springboot0101QuickstartApplication using Java 1.8.0_382 on AsuraTu.local with PID 51553 (/Users/asura/code/Java/SpringBoot/my-spring-boot/springboot_01_01_quickstart/target/classes started by asura in /Users/asura/code/Java/SpringBoot/my-spring-boot/springboot_01_01_quickstart)
2023-07-24 18:16:53.042  INFO 51553 --- [main] c.h.Springboot0101QuickstartApplication  : No active profile set, falling back to 1 default profile: "default"
2023-07-24 18:16:53.372  INFO 51553 --- [main] o.s.b.w.embedded.tomcat.TomcatWebServer  : Tomcat initialized with port(s): 9601 (http)
2023-07-24 18:16:53.376  INFO 51553 --- [main] o.apache.catalina.core.StandardService   : Starting service [Tomcat]
2023-07-24 18:16:53.376  INFO 51553 --- [main] org.apache.catalina.core.StandardEngine  : Starting Servlet engine: [Apache Tomcat/9.0.78]
2023-07-24 18:16:53.403  INFO 51553 --- [main] o.a.c.c.C.[Tomcat].[localhost].[/]       : Initializing Spring embedded WebApplicationContext
2023-07-24 18:16:53.403  INFO 51553 --- [main] w.s.c.ServletWebServerApplicationContext : Root WebApplicationContext: initialization completed in 342 ms
2023-07-24 18:16:53.524  INFO 51553 --- [main] o.s.b.w.embedded.tomcat.TomcatWebServer  : Tomcat started on port(s): 9601 (http) with context path ''
2023-07-24 18:16:53.529  INFO 51553 --- [main] c.h.Springboot0101QuickstartApplication  : Started Springboot0101QuickstartApplication in 0.659 seconds (JVM running for 0.877)
